2025-09-01 22:21:36.019 | INFO     | __main__:__init__:37 - Futures Trading System initialized
2025-09-01 22:21:36.019 | INFO     | __main__:run_volume_analysis:56 - 🔍 Running futures volume analysis...
2025-09-01 22:21:36.019 | INFO     | src.jobs.daily_volume_job:run_volume_analysis:56 - Starting daily futures volume analysis...
2025-09-01 22:21:36.019 | INFO     | src.jobs.daily_volume_job:run_volume_analysis:61 - Fetching volume metrics from all exchanges...
2025-09-01 22:21:41.721 | INFO     | src.data_feeder.futures_data_feeder:get_24h_volume_metrics:197 - Fetched volume metrics for 0 futures markets on bitget
2025-09-01 22:21:51.369 | INFO     | src.data_feeder.futures_data_feeder:get_24h_volume_metrics:197 - Fetched volume metrics for 0 futures markets on gate
2025-09-01 22:21:56.028 | ERROR    | src.data_feeder.futures_data_feeder:get_24h_volume_metrics:201 - Error fetching volume metrics from okx: okx GET https://www.okx.com/api/v5/public/instruments?instType=SPOT
2025-09-01 22:21:57.980 | INFO     | src.data_feeder.futures_data_feeder:get_24h_volume_metrics:197 - Fetched volume metrics for 0 futures markets on binance
2025-09-01 22:22:06.234 | INFO     | src.data_feeder.futures_data_feeder:get_24h_volume_metrics:197 - Fetched volume metrics for 351 futures markets on bybit
2025-09-01 22:22:06.235 | INFO     | src.data_feeder.futures_data_feeder:get_all_exchanges_volume_metrics:249 - Fetched volume metrics for 351 total futures markets across 5 exchanges
2025-09-01 22:22:06.235 | INFO     | src.jobs.daily_volume_job:run_volume_analysis:69 - Creating market rankings...
2025-09-01 22:22:06.236 | INFO     | src.data_feeder.futures_data_feeder:create_market_rankings:294 - Created rankings for 351 futures markets
2025-09-01 22:22:06.236 | INFO     | src.data_feeder.futures_data_feeder:create_market_rankings:296 - Recommended 49 markets for trading
2025-09-01 22:22:06.240 | INFO     | src.jobs.daily_volume_job:_save_analysis_results:173 - Analysis results saved to volume_data/futures_volume_analysis_20250901_222206.json
2025-09-01 22:22:06.240 | INFO     | src.jobs.daily_volume_job:run_volume_analysis:83 - Volume analysis completed in 30.22 seconds
2025-09-01 22:22:06.240 | INFO     | src.jobs.daily_volume_job:run_volume_analysis:84 - Analyzed 351 markets across 5 exchanges
2025-09-01 22:22:06.240 | INFO     | src.jobs.daily_volume_job:run_volume_analysis:85 - Found 49 recommended markets
2025-09-01 22:22:06.241 | INFO     | src.jobs.daily_volume_job:run_volume_analysis:86 - Results saved to volume_data/futures_volume_analysis_20250901_222206.json
2025-09-01 22:22:17.770 | INFO     | __main__:__init__:37 - Futures Trading System initialized
2025-09-01 22:22:17.770 | INFO     | __main__:run_futures_analysis:109 - 🚀 Starting futures trading analysis...
2025-09-01 22:22:17.770 | INFO     | __main__:run_futures_analysis:113 - Getting recommended symbols from volume analysis...
2025-09-01 22:22:17.771 | INFO     | src.jobs.daily_volume_job:get_recommended_symbols:218 - Retrieved 20 recommended symbols from latest analysis
2025-09-01 22:22:17.771 | INFO     | __main__:run_futures_analysis:125 - Analyzing 20 futures symbols: ['ETH/USDT:USDT', 'BTC/USDT:USDT', 'SOL/USDT:USDT', 'XRP/USDT:USDT', 'WLFI/USDT:USDT']...
2025-09-01 22:22:17.776 | INFO     | src.data_feeder.binance_feeder:__init__:32 - BinanceDataFeeder initialized
2025-09-01 22:22:17.776 | INFO     | __main__:run_futures_analysis:146 - Fetching futures market data...
2025-09-01 22:22:22.723 | INFO     | src.data_feeder.binance_feeder:fetch_ohlcv:72 - Fetched 100 candles for ETH/USDT:USDT
2025-09-01 22:22:25.131 | INFO     | src.data_feeder.binance_feeder:fetch_ohlcv:72 - Fetched 100 candles for BTC/USDT:USDT
2025-09-01 22:22:27.530 | INFO     | src.data_feeder.binance_feeder:fetch_ohlcv:72 - Fetched 100 candles for SOL/USDT:USDT
2025-09-01 22:22:29.934 | INFO     | src.data_feeder.binance_feeder:fetch_ohlcv:72 - Fetched 100 candles for XRP/USDT:USDT
2025-09-01 22:22:32.335 | INFO     | src.data_feeder.binance_feeder:fetch_ohlcv:72 - Fetched 57 candles for WLFI/USDT:USDT
2025-09-01 22:22:34.747 | INFO     | src.data_feeder.binance_feeder:fetch_ohlcv:72 - Fetched 100 candles for DOGE/USDT:USDT
2025-09-01 22:22:37.154 | INFO     | src.data_feeder.binance_feeder:fetch_ohlcv:72 - Fetched 100 candles for TRUMP/USDT:USDT
2025-09-01 22:22:39.555 | INFO     | src.data_feeder.binance_feeder:fetch_ohlcv:72 - Fetched 100 candles for ADA/USDT:USDT
2025-09-01 22:22:41.963 | INFO     | src.data_feeder.binance_feeder:fetch_ohlcv:72 - Fetched 100 candles for FARTCOIN/USDT:USDT
2025-09-01 22:22:44.369 | INFO     | src.data_feeder.binance_feeder:fetch_ohlcv:72 - Fetched 100 candles for SUI/USDT:USDT
2025-09-01 22:22:46.775 | INFO     | src.data_feeder.binance_feeder:fetch_ohlcv:72 - Fetched 100 candles for WIF/USDT:USDT
2025-09-01 22:22:49.174 | INFO     | src.data_feeder.binance_feeder:fetch_ohlcv:72 - Fetched 100 candles for LINK/USDT:USDT
2025-09-01 22:22:51.583 | INFO     | src.data_feeder.binance_feeder:fetch_ohlcv:72 - Fetched 100 candles for 1000PEPE/USDT:USDT
2025-09-01 22:22:53.983 | INFO     | src.data_feeder.binance_feeder:fetch_ohlcv:72 - Fetched 100 candles for ENA/USDT:USDT
2025-09-01 22:22:56.387 | INFO     | src.data_feeder.binance_feeder:fetch_ohlcv:72 - Fetched 100 candles for TA/USDT:USDT
2025-09-01 22:22:58.794 | INFO     | src.data_feeder.binance_feeder:fetch_ohlcv:72 - Fetched 100 candles for HYPE/USDT:USDT
2025-09-01 22:23:01.201 | INFO     | src.data_feeder.binance_feeder:fetch_ohlcv:72 - Fetched 100 candles for M/USDT:USDT
2025-09-01 22:23:03.601 | INFO     | src.data_feeder.binance_feeder:fetch_ohlcv:72 - Fetched 100 candles for AVAX/USDT:USDT
2025-09-01 22:23:03.602 | ERROR    | src.data_feeder.binance_feeder:fetch_ohlcv:76 - Error fetching OHLCV for PUMPFUN/USDT:USDT: binance does not have market symbol PUMPFUN/USDT:USDT
2025-09-01 22:23:06.003 | INFO     | src.data_feeder.binance_feeder:fetch_ohlcv:72 - Fetched 100 candles for 1000BONK/USDT:USDT
2025-09-01 22:23:06.003 | INFO     | src.data_feeder.binance_feeder:fetch_multiple_symbols:101 - Fetched data for 19 symbols
2025-09-01 22:23:06.004 | INFO     | __main__:run_futures_analysis:153 - Fetched data for 19 symbols
2025-09-01 22:23:06.004 | INFO     | __main__:run_futures_analysis:156 - Running trading strategies on futures data...
2025-09-01 22:23:06.004 | INFO     | src.strategy_engine.strategy_engine:run_strategies_for_multiple_symbols:77 - Processing strategies for ETH/USDT:USDT
2025-09-01 22:23:06.005 | INFO     | src.strategy_engine.strategy_engine:run_all_strategies:60 - Running all strategies for ETH/USDT:USDT
2025-09-01 22:23:06.023 | INFO     | src.strategy_engine.strategy_engine:run_single_strategy:45 - RSI generated 1 signals
2025-09-01 22:23:06.034 | INFO     | src.strategy_engine.strategy_engine:run_single_strategy:45 - MACD generated 1 signals
2025-09-01 22:23:06.034 | INFO     | src.strategy_engine.strategy_engine:run_all_strategies:67 - Generated 2 total signals for ETH/USDT:USDT
2025-09-01 22:23:06.034 | INFO     | src.strategy_engine.strategy_engine:run_strategies_for_multiple_symbols:77 - Processing strategies for BTC/USDT:USDT
2025-09-01 22:23:06.035 | INFO     | src.strategy_engine.strategy_engine:run_all_strategies:60 - Running all strategies for BTC/USDT:USDT
2025-09-01 22:23:06.041 | INFO     | src.strategy_engine.strategy_engine:run_single_strategy:45 - RSI generated 1 signals
2025-09-01 22:23:06.049 | INFO     | src.strategy_engine.strategy_engine:run_single_strategy:45 - MACD generated 1 signals
2025-09-01 22:23:06.049 | INFO     | src.strategy_engine.strategy_engine:run_all_strategies:67 - Generated 2 total signals for BTC/USDT:USDT
2025-09-01 22:23:06.049 | INFO     | src.strategy_engine.strategy_engine:run_strategies_for_multiple_symbols:77 - Processing strategies for SOL/USDT:USDT
2025-09-01 22:23:06.049 | INFO     | src.strategy_engine.strategy_engine:run_all_strategies:60 - Running all strategies for SOL/USDT:USDT
2025-09-01 22:23:06.053 | INFO     | src.strategy_engine.strategy_engine:run_single_strategy:45 - RSI generated 1 signals
2025-09-01 22:23:06.060 | INFO     | src.strategy_engine.strategy_engine:run_single_strategy:45 - MACD generated 1 signals
2025-09-01 22:23:06.061 | INFO     | src.strategy_engine.strategy_engine:run_all_strategies:67 - Generated 2 total signals for SOL/USDT:USDT
2025-09-01 22:23:06.061 | INFO     | src.strategy_engine.strategy_engine:run_strategies_for_multiple_symbols:77 - Processing strategies for XRP/USDT:USDT
2025-09-01 22:23:06.061 | INFO     | src.strategy_engine.strategy_engine:run_all_strategies:60 - Running all strategies for XRP/USDT:USDT
2025-09-01 22:23:06.065 | INFO     | src.strategy_engine.strategy_engine:run_single_strategy:45 - RSI generated 1 signals
2025-09-01 22:23:06.070 | INFO     | src.strategy_engine.strategy_engine:run_single_strategy:45 - MACD generated 1 signals
2025-09-01 22:23:06.070 | INFO     | src.strategy_engine.strategy_engine:run_all_strategies:67 - Generated 2 total signals for XRP/USDT:USDT
2025-09-01 22:23:06.071 | INFO     | src.strategy_engine.strategy_engine:run_strategies_for_multiple_symbols:77 - Processing strategies for WLFI/USDT:USDT
2025-09-01 22:23:06.071 | INFO     | src.strategy_engine.strategy_engine:run_all_strategies:60 - Running all strategies for WLFI/USDT:USDT
2025-09-01 22:23:06.074 | INFO     | src.strategy_engine.strategy_engine:run_single_strategy:45 - RSI generated 1 signals
2025-09-01 22:23:06.077 | INFO     | src.strategy_engine.strategy_engine:run_single_strategy:45 - MACD generated 1 signals
2025-09-01 22:23:06.077 | INFO     | src.strategy_engine.strategy_engine:run_all_strategies:67 - Generated 2 total signals for WLFI/USDT:USDT
2025-09-01 22:23:06.077 | INFO     | src.strategy_engine.strategy_engine:run_strategies_for_multiple_symbols:77 - Processing strategies for DOGE/USDT:USDT
2025-09-01 22:23:06.077 | INFO     | src.strategy_engine.strategy_engine:run_all_strategies:60 - Running all strategies for DOGE/USDT:USDT
2025-09-01 22:23:06.081 | INFO     | src.strategy_engine.strategy_engine:run_single_strategy:45 - RSI generated 1 signals
2025-09-01 22:23:06.086 | INFO     | src.strategy_engine.strategy_engine:run_single_strategy:45 - MACD generated 1 signals
2025-09-01 22:23:06.086 | INFO     | src.strategy_engine.strategy_engine:run_all_strategies:67 - Generated 2 total signals for DOGE/USDT:USDT
2025-09-01 22:23:06.086 | INFO     | src.strategy_engine.strategy_engine:run_strategies_for_multiple_symbols:77 - Processing strategies for TRUMP/USDT:USDT
2025-09-01 22:23:06.086 | INFO     | src.strategy_engine.strategy_engine:run_all_strategies:60 - Running all strategies for TRUMP/USDT:USDT
2025-09-01 22:23:06.089 | INFO     | src.strategy_engine.strategy_engine:run_single_strategy:45 - RSI generated 1 signals
2025-09-01 22:23:06.094 | INFO     | src.strategy_engine.strategy_engine:run_single_strategy:45 - MACD generated 1 signals
2025-09-01 22:23:06.095 | INFO     | src.strategy_engine.strategy_engine:run_all_strategies:67 - Generated 2 total signals for TRUMP/USDT:USDT
2025-09-01 22:23:06.095 | INFO     | src.strategy_engine.strategy_engine:run_strategies_for_multiple_symbols:77 - Processing strategies for ADA/USDT:USDT
2025-09-01 22:23:06.095 | INFO     | src.strategy_engine.strategy_engine:run_all_strategies:60 - Running all strategies for ADA/USDT:USDT
2025-09-01 22:23:06.098 | INFO     | src.strategy_engine.strategy_engine:run_single_strategy:45 - RSI generated 0 signals
2025-09-01 22:23:06.102 | INFO     | src.strategy_engine.strategy_engine:run_single_strategy:45 - MACD generated 1 signals
2025-09-01 22:23:06.102 | INFO     | src.strategy_engine.strategy_engine:run_all_strategies:67 - Generated 1 total signals for ADA/USDT:USDT
2025-09-01 22:23:06.102 | INFO     | src.strategy_engine.strategy_engine:run_strategies_for_multiple_symbols:77 - Processing strategies for FARTCOIN/USDT:USDT
2025-09-01 22:23:06.102 | INFO     | src.strategy_engine.strategy_engine:run_all_strategies:60 - Running all strategies for FARTCOIN/USDT:USDT
2025-09-01 22:23:06.105 | INFO     | src.strategy_engine.strategy_engine:run_single_strategy:45 - RSI generated 1 signals
2025-09-01 22:23:06.111 | INFO     | src.strategy_engine.strategy_engine:run_single_strategy:45 - MACD generated 1 signals
2025-09-01 22:23:06.111 | INFO     | src.strategy_engine.strategy_engine:run_all_strategies:67 - Generated 2 total signals for FARTCOIN/USDT:USDT
2025-09-01 22:23:06.111 | INFO     | src.strategy_engine.strategy_engine:run_strategies_for_multiple_symbols:77 - Processing strategies for SUI/USDT:USDT
2025-09-01 22:23:06.111 | INFO     | src.strategy_engine.strategy_engine:run_all_strategies:60 - Running all strategies for SUI/USDT:USDT
2025-09-01 22:23:06.114 | INFO     | src.strategy_engine.strategy_engine:run_single_strategy:45 - RSI generated 1 signals
2025-09-01 22:23:06.118 | INFO     | src.strategy_engine.strategy_engine:run_single_strategy:45 - MACD generated 1 signals
2025-09-01 22:23:06.118 | INFO     | src.strategy_engine.strategy_engine:run_all_strategies:67 - Generated 2 total signals for SUI/USDT:USDT
2025-09-01 22:23:06.118 | INFO     | src.strategy_engine.strategy_engine:run_strategies_for_multiple_symbols:77 - Processing strategies for WIF/USDT:USDT
2025-09-01 22:23:06.118 | INFO     | src.strategy_engine.strategy_engine:run_all_strategies:60 - Running all strategies for WIF/USDT:USDT
2025-09-01 22:23:06.121 | INFO     | src.strategy_engine.strategy_engine:run_single_strategy:45 - RSI generated 1 signals
2025-09-01 22:23:06.126 | INFO     | src.strategy_engine.strategy_engine:run_single_strategy:45 - MACD generated 1 signals
2025-09-01 22:23:06.126 | INFO     | src.strategy_engine.strategy_engine:run_all_strategies:67 - Generated 2 total signals for WIF/USDT:USDT
2025-09-01 22:23:06.126 | INFO     | src.strategy_engine.strategy_engine:run_strategies_for_multiple_symbols:77 - Processing strategies for LINK/USDT:USDT
2025-09-01 22:23:06.126 | INFO     | src.strategy_engine.strategy_engine:run_all_strategies:60 - Running all strategies for LINK/USDT:USDT
2025-09-01 22:23:06.129 | INFO     | src.strategy_engine.strategy_engine:run_single_strategy:45 - RSI generated 0 signals
2025-09-01 22:23:06.134 | INFO     | src.strategy_engine.strategy_engine:run_single_strategy:45 - MACD generated 1 signals
2025-09-01 22:23:06.134 | INFO     | src.strategy_engine.strategy_engine:run_all_strategies:67 - Generated 1 total signals for LINK/USDT:USDT
2025-09-01 22:23:06.134 | INFO     | src.strategy_engine.strategy_engine:run_strategies_for_multiple_symbols:77 - Processing strategies for 1000PEPE/USDT:USDT
2025-09-01 22:23:06.134 | INFO     | src.strategy_engine.strategy_engine:run_all_strategies:60 - Running all strategies for 1000PEPE/USDT:USDT
2025-09-01 22:23:06.137 | INFO     | src.strategy_engine.strategy_engine:run_single_strategy:45 - RSI generated 0 signals
2025-09-01 22:23:06.141 | INFO     | src.strategy_engine.strategy_engine:run_single_strategy:45 - MACD generated 1 signals
2025-09-01 22:23:06.142 | INFO     | src.strategy_engine.strategy_engine:run_all_strategies:67 - Generated 1 total signals for 1000PEPE/USDT:USDT
2025-09-01 22:23:06.142 | INFO     | src.strategy_engine.strategy_engine:run_strategies_for_multiple_symbols:77 - Processing strategies for ENA/USDT:USDT
2025-09-01 22:23:06.142 | INFO     | src.strategy_engine.strategy_engine:run_all_strategies:60 - Running all strategies for ENA/USDT:USDT
2025-09-01 22:23:06.145 | INFO     | src.strategy_engine.strategy_engine:run_single_strategy:45 - RSI generated 1 signals
2025-09-01 22:23:06.149 | INFO     | src.strategy_engine.strategy_engine:run_single_strategy:45 - MACD generated 1 signals
2025-09-01 22:23:06.149 | INFO     | src.strategy_engine.strategy_engine:run_all_strategies:67 - Generated 2 total signals for ENA/USDT:USDT
2025-09-01 22:23:06.149 | INFO     | src.strategy_engine.strategy_engine:run_strategies_for_multiple_symbols:77 - Processing strategies for TA/USDT:USDT
2025-09-01 22:23:06.149 | INFO     | src.strategy_engine.strategy_engine:run_all_strategies:60 - Running all strategies for TA/USDT:USDT
2025-09-01 22:23:06.152 | INFO     | src.strategy_engine.strategy_engine:run_single_strategy:45 - RSI generated 1 signals
2025-09-01 22:23:06.157 | INFO     | src.strategy_engine.strategy_engine:run_single_strategy:45 - MACD generated 1 signals
2025-09-01 22:23:06.158 | INFO     | src.strategy_engine.strategy_engine:run_all_strategies:67 - Generated 2 total signals for TA/USDT:USDT
2025-09-01 22:23:06.158 | INFO     | src.strategy_engine.strategy_engine:run_strategies_for_multiple_symbols:77 - Processing strategies for HYPE/USDT:USDT
2025-09-01 22:23:06.158 | INFO     | src.strategy_engine.strategy_engine:run_all_strategies:60 - Running all strategies for HYPE/USDT:USDT
2025-09-01 22:23:06.161 | INFO     | src.strategy_engine.strategy_engine:run_single_strategy:45 - RSI generated 1 signals
2025-09-01 22:23:06.165 | INFO     | src.strategy_engine.strategy_engine:run_single_strategy:45 - MACD generated 1 signals
2025-09-01 22:23:06.165 | INFO     | src.strategy_engine.strategy_engine:run_all_strategies:67 - Generated 2 total signals for HYPE/USDT:USDT
2025-09-01 22:23:06.165 | INFO     | src.strategy_engine.strategy_engine:run_strategies_for_multiple_symbols:77 - Processing strategies for M/USDT:USDT
2025-09-01 22:23:06.165 | INFO     | src.strategy_engine.strategy_engine:run_all_strategies:60 - Running all strategies for M/USDT:USDT
2025-09-01 22:23:06.168 | INFO     | src.strategy_engine.strategy_engine:run_single_strategy:45 - RSI generated 1 signals
2025-09-01 22:23:06.174 | INFO     | src.strategy_engine.strategy_engine:run_single_strategy:45 - MACD generated 1 signals
2025-09-01 22:23:06.174 | INFO     | src.strategy_engine.strategy_engine:run_all_strategies:67 - Generated 2 total signals for M/USDT:USDT
2025-09-01 22:23:06.174 | INFO     | src.strategy_engine.strategy_engine:run_strategies_for_multiple_symbols:77 - Processing strategies for AVAX/USDT:USDT
2025-09-01 22:23:06.174 | INFO     | src.strategy_engine.strategy_engine:run_all_strategies:60 - Running all strategies for AVAX/USDT:USDT
2025-09-01 22:23:06.177 | INFO     | src.strategy_engine.strategy_engine:run_single_strategy:45 - RSI generated 1 signals
2025-09-01 22:23:06.181 | INFO     | src.strategy_engine.strategy_engine:run_single_strategy:45 - MACD generated 1 signals
2025-09-01 22:23:06.181 | INFO     | src.strategy_engine.strategy_engine:run_all_strategies:67 - Generated 2 total signals for AVAX/USDT:USDT
2025-09-01 22:23:06.182 | INFO     | src.strategy_engine.strategy_engine:run_strategies_for_multiple_symbols:77 - Processing strategies for 1000BONK/USDT:USDT
2025-09-01 22:23:06.182 | INFO     | src.strategy_engine.strategy_engine:run_all_strategies:60 - Running all strategies for 1000BONK/USDT:USDT
2025-09-01 22:23:06.184 | INFO     | src.strategy_engine.strategy_engine:run_single_strategy:45 - RSI generated 1 signals
2025-09-01 22:23:06.189 | INFO     | src.strategy_engine.strategy_engine:run_single_strategy:45 - MACD generated 1 signals
2025-09-01 22:23:06.189 | INFO     | src.strategy_engine.strategy_engine:run_all_strategies:67 - Generated 2 total signals for 1000BONK/USDT:USDT
2025-09-01 22:23:06.189 | INFO     | src.strategy_engine.strategy_engine:run_strategies_for_multiple_symbols:81 - Completed strategy processing for 19 symbols
2025-09-01 22:23:06.189 | INFO     | __main__:run_futures_analysis:175 - Futures analysis complete. Generated signals for 19 symbols
2025-09-01 22:23:06.214 | INFO     | __main__:save_results:229 - Results saved to futures_signals_20250901_222306.json
